<?xml version="1.0" encoding="UTF-8"?>
<!-- Generated by org.testng.reporters.JUnitXMLReporter -->
<testsuite hostname="DESKTOP-PRBCB84" ignored="0" name="Api Test" tests="4" failures="0" timestamp="16 Aug 2020 10:45:13 GMT" time="10.522" errors="0">
  <testcase name="test01_getTeam" time="4.134" classname="SanityTests.ApiTest"/>
  <testcase name="test02_addTeam" time="0.361" classname="SanityTests.ApiTest"/>
  <testcase name="test03_updateTeam" time="0.385" classname="SanityTests.ApiTest"/>
  <testcase name="test04_DeleteTeam" time="0.327" classname="SanityTests.ApiTest"/>
</testsuite> <!-- Api Test -->
