<?xml version="1.0" encoding="UTF-8"?>
<!-- Generated by org.testng.reporters.JUnitXMLReporter -->
<testsuite hostname="DESKTOP-PRBCB84" ignored="0" name="Web Test" tests="6" failures="0" timestamp="16 Aug 2020 13:04:58 GMT" time="104.247" errors="0">
  <testcase name="test01_Register" time="12.627" classname="SanityTests.WebProjectTests"/>
  <testcase name="test02_makeDonation" time="10.522" classname="SanityTests.WebProjectTests"/>
  <testcase name="test03_CheckOut" time="26.421" classname="SanityTests.WebProjectTests"/>
  <testcase name="test04_verify_logo" time="1.548" classname="SanityTests.WebProjectTests"/>
  <testcase name="test01_makeErrorInDonation" time="15.096" classname="ErrorHandlingTests.WebEHTest"/>
  <testcase name="test02_Alert_Window" time="8.27" classname="ErrorHandlingTests.WebEHTest"/>
</testsuite> <!-- Web Test -->
