<?xml version="1.0" encoding="UTF-8"?>
<!-- Generated by org.testng.reporters.JUnitXMLReporter -->
<testsuite hostname="DESKTOP-PRBCB84" ignored="0" name="Web Test with DB" tests="4" failures="0" timestamp="16 Aug 2020 13:07:46 GMT" time="66.225" errors="0">
  <testcase name="test01_RegisterWithDB" time="13.047" classname="SanityTests.WebProjectDB"/>
  <testcase name="test02_makeDonationWithDB" time="17.037" classname="SanityTests.WebProjectDB"/>
  <testcase name="test03_CheckOut" time="15.296" classname="SanityTests.WebProjectDB"/>
  <testcase name="test04_verify_logo" time="1.528" classname="SanityTests.WebProjectDB"/>
</testsuite> <!-- Web Test with DB -->
