<?xml version="1.0" encoding="UTF-8"?>
<!-- Generated by org.testng.reporters.JUnitXMLReporter -->
<testsuite hostname="DESKTOP-PRBCB84" ignored="0" name="Web Test with DB" tests="4" failures="0" timestamp="19 Aug 2020 21:20:22 GMT" time="53.864" errors="0">
  <testcase name="test01_RegisterWithDB" time="15.033" classname="SanityTests.WebProjectDB"/>
  <testcase name="test02_makeDonationWithDB" time="10.87" classname="SanityTests.WebProjectDB"/>
  <testcase name="test03_CheckOut" time="10.553" classname="SanityTests.WebProjectDB"/>
  <testcase name="test04_verify_logo" time="1.475" classname="SanityTests.WebProjectDB"/>
</testsuite> <!-- Web Test with DB -->
