<?xml version="1.0" encoding="UTF-8"?>
<!-- Generated by org.testng.reporters.JUnitXMLReporter -->
<testsuite hostname="DESKTOP-PRBCB84" ignored="0" name="Web Test" tests="6" failures="0" timestamp="19 Aug 2020 21:10:45 GMT" time="94.431" errors="0">
  <testcase name="test01_Register" time="13.606" classname="SanityTests.WebProjectTests"/>
  <testcase name="test02_makeDonation" time="6.073" classname="SanityTests.WebProjectTests"/>
  <testcase name="test03_CheckOut" time="19.762" classname="SanityTests.WebProjectTests"/>
  <testcase name="test04_verify_logo" time="1.465" classname="SanityTests.WebProjectTests"/>
  <testcase name="test01_makeErrorInDonation" time="10.583" classname="ErrorHandlingTests.WebEHTest"/>
  <testcase name="test02_Alert_Window" time="4.069" classname="ErrorHandlingTests.WebEHTest"/>
</testsuite> <!-- Web Test -->
